<?xml version="1.0" encoding="UTF-8"?>
<!-- Generated by org.testng.reporters.JUnitReportReporter -->
<testsuite skipped="0" hostname="LAPTOP-KDG98RRN" name="com.lambdaCert.project.Solution" tests="1" failures="0" timestamp="2020-12-13T20:43:25 IST" time="95.983" errors="0">
  <testcase name="TC_01" time="95.983" classname="com.lambdaCert.project.Solution"/>
  <system-out/>
</testsuite> <!-- com.lambdaCert.project.Solution -->
